INFO [2023-03-28 10:50:49] $x
INFO [2023-03-28 10:50:49] list(A = A, D = D, B = B, C = C)
INFO [2023-03-28 10:50:49] 
INFO [2023-03-28 10:50:49] $filename
INFO [2023-03-28 10:50:49] [1] "dddd.png"
INFO [2023-03-28 10:50:49] 
INFO [2023-03-28 10:50:49] $col
INFO [2023-03-28 10:50:49] [1] "transparent"
INFO [2023-03-28 10:50:49] 
INFO [2023-03-28 10:50:49] $fill
INFO [2023-03-28 10:50:49] c("cornflowerblue", "green", "yellow", "darkorchid1")
INFO [2023-03-28 10:50:49] 
INFO [2023-03-28 10:50:49] $alpha
INFO [2023-03-28 10:50:49] [1] 0.5
INFO [2023-03-28 10:50:49] 
INFO [2023-03-28 10:50:49] $label.col
INFO [2023-03-28 10:50:49] c("orange", "white", "darkorchid4", "white", "white", "white", 
INFO [2023-03-28 10:50:49]     "white", "white", "darkblue", "white", "white", "white", 
INFO [2023-03-28 10:50:49]     "white", "darkgreen", "white")
INFO [2023-03-28 10:50:49] 
INFO [2023-03-28 10:50:49] $cex
INFO [2023-03-28 10:50:49] [1] 1.5
INFO [2023-03-28 10:50:49] 
INFO [2023-03-28 10:50:49] $fontfamily
INFO [2023-03-28 10:50:49] [1] "serif"
INFO [2023-03-28 10:50:49] 
INFO [2023-03-28 10:50:49] $fontface
INFO [2023-03-28 10:50:49] [1] "bold"
INFO [2023-03-28 10:50:49] 
INFO [2023-03-28 10:50:49] $cat.col
INFO [2023-03-28 10:50:49] c("darkblue", "darkgreen", "orange", "darkorchid4")
INFO [2023-03-28 10:50:49] 
INFO [2023-03-28 10:50:49] $cat.cex
INFO [2023-03-28 10:50:49] [1] 1.5
INFO [2023-03-28 10:50:49] 
INFO [2023-03-28 10:50:49] $cat.pos
INFO [2023-03-28 10:50:49] [1] 0
INFO [2023-03-28 10:50:49] 
INFO [2023-03-28 10:50:49] $cat.dist
INFO [2023-03-28 10:50:49] [1] 0.07
INFO [2023-03-28 10:50:49] 
INFO [2023-03-28 10:50:49] $cat.fontfamily
INFO [2023-03-28 10:50:49] [1] "serif"
INFO [2023-03-28 10:50:49] 
INFO [2023-03-28 10:50:49] $rotation.degree
INFO [2023-03-28 10:50:49] [1] 270
INFO [2023-03-28 10:50:49] 
INFO [2023-03-28 10:50:49] $margin
INFO [2023-03-28 10:50:49] [1] 0.2
INFO [2023-03-28 10:50:49] 
